<?xml version="1.0" encoding="UTF-8"?>
<testng-results ignored="0" total="1" passed="1" failed="0" skipped="0">
  <reporter-output>
  </reporter-output>
  <suite started-at="2022-09-12T12:36:48 IST" name="Default suite" finished-at="2022-09-12T12:36:48 IST" duration-ms="46">
    <groups>
    </groups>
    <test started-at="2022-09-12T12:36:48 IST" name="Default test" finished-at="2022-09-12T12:36:48 IST" duration-ms="46">
      <class name="sampleTest.Demo">
        <test-method signature="demo()[pri:0, instance:sampleTest.Demo@62e7f11d]" started-at="2022-09-12T12:36:48 IST" name="demo" finished-at="2022-09-12T12:36:48 IST" duration-ms="9" status="PASS">
          <reporter-output>
          </reporter-output>
        </test-method> <!-- demo -->
      </class> <!-- sampleTest.Demo -->
    </test> <!-- Default test -->
  </suite> <!-- Default suite -->
</testng-results>
